<?xml version="1.0" encoding="UTF-8"?>
<!-- Generated by org.testng.reporters.JUnitXMLReporter -->
<testsuite ignored="0" hostname="PP-Dell" failures="2" tests="2" name="Navigate to home page" time="32.898" errors="0" timestamp="18 Oct 2023 06:45:32 GMT">
  <testcase classname="testcase.NewUserRegistration" name="navigateToHomepage" time="5.065">
    <failure type="java.lang.AssertionError" message="expected [Home Page ttt] but found [Home Page]">
      <![CDATA[java.lang.AssertionError: expected [Home Page ttt] but found [Home Page]
at testcase.NewUserRegistration.navigateToHomepage(NewUserRegistration.java:13)
at java.base/java.util.concurrent.ThreadPoolExecutor.runWorker(ThreadPoolExecutor.java:1136)
at java.base/java.util.concurrent.ThreadPoolExecutor$Worker.run(ThreadPoolExecutor.java:635)
at java.base/java.lang.Thread.run(Thread.java:833)
... Removed 16 stack frames]]>
    </failure>
  </testcase> <!-- navigateToHomepage -->
  <testcase classname="testcase.NewUserRegistration" name="navigateToHomepage" time="31.883">
    <failure type="java.lang.NullPointerException" message="Cannot invoke &amp;quot;com.aventstack.extentreports.ExtentTest.fail(java.lang.Throwable)&amp;quot; because the return value of &amp;quot;reports.ExtentReport.getTest()&amp;quot; is null">
      <![CDATA[java.lang.NullPointerException: Cannot invoke "com.aventstack.extentreports.ExtentTest.fail(java.lang.Throwable)" because the return value of "reports.ExtentReport.getTest()" is null
at listeners.TestListener.onTestFailure(TestListener.java:57)
at java.base/java.util.concurrent.ThreadPoolExecutor.runWorker(ThreadPoolExecutor.java:1136)
at java.base/java.util.concurrent.ThreadPoolExecutor$Worker.run(ThreadPoolExecutor.java:635)
at java.base/java.lang.Thread.run(Thread.java:833)
... Removed 7 stack frames]]>
    </failure>
  </testcase> <!-- navigateToHomepage -->
</testsuite> <!-- Navigate to home page -->
